This is pdfTeX, Version 3.14159265-2.6-1.40.19 (MiKTeX 2.9.6730 64-bit) (preloaded format=pdflatex 2018.7.10)  9 SEP 2018 13:28
entering extended mode
**./AdaLab.tex
(AdaLab.tex
LaTeX2e <2018-04-01> patch level 5
("C:\Users\dines\AppData\Local\Programs\MiKTeX 2.9\tex\latex\base\article.cls"
Document Class: article 2014/09/29 v1.4h Standard LaTeX document class
("C:\Users\dines\AppData\Local\Programs\MiKTeX 2.9\tex\latex\base\size12.clo"
File: size12.clo 2014/09/29 v1.4h Standard LaTeX file (size option)
)
\c@part=\count80
\c@section=\count81
\c@subsection=\count82
\c@subsubsection=\count83
\c@paragraph=\count84
\c@subparagraph=\count85
\c@figure=\count86
\c@table=\count87
\abovecaptionskip=\skip41
\belowcaptionskip=\skip42
\bibindent=\dimen102
) ("C:\Users\dines\AppData\Local\Programs\MiKTeX 2.9\tex\latex\base\inputenc.st
y"
Package: inputenc 2018/04/06 v1.3b Input encoding file
\inpenc@prehook=\toks14
\inpenc@posthook=\toks15
)
("C:\Users\dines\AppData\Local\Programs\MiKTeX 2.9\tex\latex\listings\listings.
sty"
("C:\Users\dines\AppData\Local\Programs\MiKTeX 2.9\tex\latex\graphics\keyval.st
y"
Package: keyval 2014/10/28 v1.15 key=value parser (DPC)
\KV@toks@=\toks16
)
\lst@mode=\count88
\lst@gtempboxa=\box26
\lst@token=\toks17
\lst@length=\count89
\lst@currlwidth=\dimen103
\lst@column=\count90
\lst@pos=\count91
\lst@lostspace=\dimen104
\lst@width=\dimen105
\lst@newlines=\count92
\lst@lineno=\count93
\lst@maxwidth=\dimen106

("C:\Users\dines\AppData\Local\Programs\MiKTeX 2.9\tex\latex\listings\lstmisc.s
ty"
File: lstmisc.sty 2015/06/04 1.6 (Carsten Heinz)
\c@lstnumber=\count94
\lst@skipnumbers=\count95
\lst@framebox=\box27
)
("C:\Users\dines\AppData\Local\Programs\MiKTeX 2.9\tex\latex\listings\listings.
cfg"
File: listings.cfg 2015/06/04 1.6 listings configuration
))
Package: listings 2015/06/04 1.6 (Carsten Heinz)

("C:\Users\dines\AppData\Local\Programs\MiKTeX 2.9\tex\latex\graphics\color.sty
"
Package: color 2016/07/10 v1.1e Standard LaTeX Color (DPC)

("C:\Users\dines\AppData\Local\Programs\MiKTeX 2.9\tex\latex\graphics-cfg\color
.cfg"
File: color.cfg 2016/01/02 v1.6 sample color configuration
)
Package color Info: Driver file: pdftex.def on input line 147.

("C:\Users\dines\AppData\Local\Programs\MiKTeX 2.9\tex\latex\graphics-def\pdfte
x.def"
File: pdftex.def 2018/01/08 v1.0l Graphics/color driver for pdftex
))
("C:\Users\dines\AppData\Local\Programs\MiKTeX 2.9\tex\latex\graphics\graphicx.
sty"
Package: graphicx 2017/06/01 v1.1a Enhanced LaTeX Graphics (DPC,SPQR)

("C:\Users\dines\AppData\Local\Programs\MiKTeX 2.9\tex\latex\graphics\graphics.
sty"
Package: graphics 2017/06/25 v1.2c Standard LaTeX Graphics (DPC,SPQR)

("C:\Users\dines\AppData\Local\Programs\MiKTeX 2.9\tex\latex\graphics\trig.sty"
Package: trig 2016/01/03 v1.10 sin cos tan (DPC)
)
("C:\Users\dines\AppData\Local\Programs\MiKTeX 2.9\tex\latex\graphics-cfg\graph
ics.cfg"
File: graphics.cfg 2016/06/04 v1.11 sample graphics configuration
)
Package graphics Info: Driver file: pdftex.def on input line 99.
)
\Gin@req@height=\dimen107
\Gin@req@width=\dimen108
)
("C:\Users\dines\AppData\Local\Programs\MiKTeX 2.9\tex\latex\caption\subcaption
.sty"
Package: subcaption 2018/05/01 v1.1-162 Sub-captions (AR)

("C:\Users\dines\AppData\Local\Programs\MiKTeX 2.9\tex\latex\caption\caption.st
y"
Package: caption 2018/05/01 v3.3-147 Customizing captions (AR)

("C:\Users\dines\AppData\Local\Programs\MiKTeX 2.9\tex\latex\caption\caption3.s
ty"
Package: caption3 2018/05/27 v1.8a caption3 kernel (AR)
Package caption3 Info: TeX engine: e-TeX on input line 64.
\captionmargin=\dimen109
\captionmargin@=\dimen110
\captionwidth=\dimen111
\caption@tempdima=\dimen112
\caption@indent=\dimen113
\caption@parindent=\dimen114
\caption@hangindent=\dimen115
)
\c@ContinuedFloat=\count96
Package caption Info: listings package is loaded.
)
\c@subfigure=\count97
\c@subtable=\count98
)
("C:\Users\dines\AppData\Local\Programs\MiKTeX 2.9\tex\latex\oberdiek\grffile.s
ty"
Package: grffile 2017/06/30 v1.18 Extended file name support for graphics (HO)

("C:\Users\dines\AppData\Local\Programs\MiKTeX 2.9\tex\generic\oberdiek\ifpdf.s
ty"
Package: ifpdf 2017/03/15 v3.2 Provides the ifpdf switch
)
("C:\Users\dines\AppData\Local\Programs\MiKTeX 2.9\tex\generic\ifxetex\ifxetex.
sty"
Package: ifxetex 2010/09/12 v0.6 Provides ifxetex conditional
)
("C:\Users\dines\AppData\Local\Programs\MiKTeX 2.9\tex\latex\oberdiek\kvoptions
.sty"
Package: kvoptions 2016/05/16 v3.12 Key value format for package options (HO)

("C:\Users\dines\AppData\Local\Programs\MiKTeX 2.9\tex\generic\oberdiek\ltxcmds
.sty"
Package: ltxcmds 2016/05/16 v1.23 LaTeX kernel commands for general use (HO)
)
("C:\Users\dines\AppData\Local\Programs\MiKTeX 2.9\tex\generic\oberdiek\kvsetke
ys.sty"
Package: kvsetkeys 2016/05/16 v1.17 Key value parser (HO)

("C:\Users\dines\AppData\Local\Programs\MiKTeX 2.9\tex\generic\oberdiek\infware
rr.sty"
Package: infwarerr 2016/05/16 v1.4 Providing info/warning/error messages (HO)
)
("C:\Users\dines\AppData\Local\Programs\MiKTeX 2.9\tex\generic\oberdiek\etexcmd
s.sty"
Package: etexcmds 2016/05/16 v1.6 Avoid name clashes with e-TeX commands (HO)

("C:\Users\dines\AppData\Local\Programs\MiKTeX 2.9\tex\generic\oberdiek\ifluate
x.sty"
Package: ifluatex 2016/05/16 v1.4 Provides the ifluatex switch (HO)
Package ifluatex Info: LuaTeX not detected.
)
Package etexcmds Info: Could not find \expanded.
(etexcmds)             That can mean that you are not using pdfTeX 1.50 or
(etexcmds)             that some package has redefined \expanded.
(etexcmds)             In the latter case, load this package earlier.
)))
("C:\Users\dines\AppData\Local\Programs\MiKTeX 2.9\tex\generic\oberdiek\pdftexc
mds.sty"
Package: pdftexcmds 2018/01/30 v0.27 Utility functions of pdfTeX for LuaTeX (HO
)
Package pdftexcmds Info: LuaTeX not detected.
Package pdftexcmds Info: \pdf@primitive is available.
Package pdftexcmds Info: \pdf@ifprimitive is available.
Package pdftexcmds Info: \pdfdraftmode found.
)
Package grffile Info: Option `multidot' is set to `true'.
Package grffile Info: Option `extendedchars' is set to `false'.
Package grffile Info: Option `space' is set to `true'.
Package grffile Info: \Gin@ii of package `graphicx' fixed on input line 494.
) (AdaLab.aux

LaTeX Warning: Label `Figure 2' multiply defined.


LaTeX Warning: Label `Figure 3' multiply defined.


LaTeX Warning: Label `Figure 2' multiply defined.


LaTeX Warning: Label `Figure 3' multiply defined.


LaTeX Warning: Label `Figure 1' multiply defined.


LaTeX Warning: Label `Figure 2' multiply defined.


LaTeX Warning: Label `Figure 3' multiply defined.


LaTeX Warning: Label `Figure 2' multiply defined.


LaTeX Warning: Label `Figure 2' multiply defined.


LaTeX Warning: Label `Figure 3' multiply defined.


LaTeX Warning: Label `Figure 2' multiply defined.


LaTeX Warning: Label `Figure 3' multiply defined.

)
\openout1 = `AdaLab.aux'.

LaTeX Font Info:    Checking defaults for OML/cmm/m/it on input line 35.
LaTeX Font Info:    ... okay on input line 35.
LaTeX Font Info:    Checking defaults for T1/cmr/m/n on input line 35.
LaTeX Font Info:    ... okay on input line 35.
LaTeX Font Info:    Checking defaults for OT1/cmr/m/n on input line 35.
LaTeX Font Info:    ... okay on input line 35.
LaTeX Font Info:    Checking defaults for OMS/cmsy/m/n on input line 35.
LaTeX Font Info:    ... okay on input line 35.
LaTeX Font Info:    Checking defaults for OMX/cmex/m/n on input line 35.
LaTeX Font Info:    ... okay on input line 35.
LaTeX Font Info:    Checking defaults for U/cmr/m/n on input line 35.
LaTeX Font Info:    ... okay on input line 35.
\c@lstlisting=\count99

("C:\Users\dines\AppData\Local\Programs\MiKTeX 2.9\tex\context\base\supp-pdf.mk
ii"
[Loading MPS to PDF converter (version 2006.09.02).]
\scratchcounter=\count100
\scratchdimen=\dimen116
\scratchbox=\box28
\nofMPsegments=\count101
\nofMParguments=\count102
\everyMPshowfont=\toks18
\MPscratchCnt=\count103
\MPscratchDim=\dimen117
\MPnumerator=\count104
\makeMPintoPDFobject=\count105
\everyMPtoPDFconversion=\toks19
)
("C:\Users\dines\AppData\Local\Programs\MiKTeX 2.9\tex\latex\oberdiek\epstopdf-
base.sty"
Package: epstopdf-base 2016/05/15 v2.6 Base part for package epstopdf

("C:\Users\dines\AppData\Local\Programs\MiKTeX 2.9\tex\latex\oberdiek\grfext.st
y"
Package: grfext 2016/05/16 v1.2 Manage graphics extensions (HO)

("C:\Users\dines\AppData\Local\Programs\MiKTeX 2.9\tex\generic\oberdiek\kvdefin
ekeys.sty"
Package: kvdefinekeys 2016/05/16 v1.4 Define keys (HO)
))
Package epstopdf-base Info: Redefining graphics rule for `.eps' on input line 4
38.
Package grfext Info: Graphics extension search list:
(grfext)             [.pdf,.png,.jpg,.mps,.jpeg,.jbig2,.jb2,.PDF,.PNG,.JPG,.JPE
G,.JBIG2,.JB2,.eps]
(grfext)             \AppendGraphicsExtensions on input line 456.
)
Package caption Info: Begin \AtBeginDocument code.
Package caption Info: End \AtBeginDocument code.
LaTeX Font Info:    External font `cmex10' loaded for size
(Font)              <14.4> on input line 39.
LaTeX Font Info:    External font `cmex10' loaded for size
(Font)              <7> on input line 39.
 [1

{C:/Users/dines/AppData/Local/MiKTeX/2.9/pdftex/config/pdftex.map}]
("C:\Users\dines\AppData\Local\Programs\MiKTeX 2.9\tex\latex\listings\lstlang1.
sty"
File: lstlang1.sty 2015/06/04 1.6 listings language file
)
("C:\Users\dines\AppData\Local\Programs\MiKTeX 2.9\tex\latex\listings\lstmisc.s
ty"
File: lstmisc.sty 2015/06/04 1.6 (Carsten Heinz)
) (Implementation/MaxMin.c [1]) [2]
<./Output/im1.png, id=18, 1372.12625pt x 198.7425pt>
File: ./Output/im1.png Graphic file (type png)
<use ./Output/im1.png>
Package pdftex.def Info: ./Output/im1.png  used on input line 55.
(pdftex.def)             Requested size: 361.35054pt x 93.95181pt.
<./Output/im2.png, id=19, 1372.12625pt x 198.7425pt>
File: ./Output/im2.png Graphic file (type png)
<use ./Output/im2.png>
Package pdftex.def Info: ./Output/im2.png  used on input line 61.
(pdftex.def)             Requested size: 361.35054pt x 93.95181pt.
 [3 <./Output/im1.png> <./Output/im2.png>] (Implementation/InsertionSort.c)
File: ./Output/im1.png Graphic file (type png)
<use ./Output/im1.png>
Package pdftex.def Info: ./Output/im1.png  used on input line 71.
(pdftex.def)             Requested size: 361.35054pt x 144.54404pt.
 [4]
File: ./Output/im2.png Graphic file (type png)
<use ./Output/im2.png>
Package pdftex.def Info: ./Output/im2.png  used on input line 77.
(pdftex.def)             Requested size: 361.35054pt x 144.54404pt.
 [5] (Implementation/MergeSort.c [6]
[7])
<./Performance_graphs/mergeplot.png, id=36, 1003.75pt x 501.875pt>
File: ./Performance_graphs/mergeplot.png Graphic file (type png)
<use ./Performance_graphs/mergeplot.png>
Package pdftex.def Info: ./Performance_graphs/mergeplot.png  used on input line
 92.
(pdftex.def)             Requested size: 361.34999pt x 180.67485pt.
 [8 <./Performance_graphs/mergeplot.png>]
<./Output/im5.png, id=41, 1367.1075pt x 223.83624pt>
File: ./Output/im5.png Graphic file (type png)
<use ./Output/im5.png>
Package pdftex.def Info: ./Output/im5.png  used on input line 100.
(pdftex.def)             Requested size: 375.79927pt x 180.67792pt.
<./Output/im6.png, id=42, 1211.52625pt x 221.82875pt>
File: ./Output/im6.png Graphic file (type png)
<use ./Output/im6.png>
Package pdftex.def Info: ./Output/im6.png  used on input line 106.
(pdftex.def)             Requested size: 375.80959pt x 180.67204pt.
 [9 <./Output/im5.png> <./Output/im6.png>] (Implementation/quickSort.c [10] [11
])
<./Performance_graphs/quick.png, id=52, 1003.75pt x 501.875pt>
File: ./Performance_graphs/quick.png Graphic file (type png)
<use ./Performance_graphs/quick.png>
Package pdftex.def Info: ./Performance_graphs/quick.png  used on input line 121
.
(pdftex.def)             Requested size: 361.34999pt x 180.67485pt.
 [12 <./Performance_graphs/quick.png>]
<./Output/im3.png, id=58, 1372.12625pt x 224.84pt>
File: ./Output/im3.png Graphic file (type png)
<use ./Output/im3.png>
Package pdftex.def Info: ./Output/im3.png  used on input line 129.
(pdftex.def)             Requested size: 383.02026pt x 180.6819pt.
<./Output/im4.png, id=59, 1296.845pt x 233.87375pt>
File: ./Output/im4.png Graphic file (type png)
<use ./Output/im4.png>
Package pdftex.def Info: ./Output/im4.png  used on input line 135.
(pdftex.def)             Requested size: 383.02109pt x 180.68285pt.
 [13 <./Output/im3.png> <./Output/im4.png>]
(Implementation/TopologicalSorting.c [14])
<./Output/TopologicalSortIn.png, id=66, 795.67853pt x 562.57236pt>
File: ./Output/TopologicalSortIn.png Graphic file (type png)
<use ./Output/TopologicalSortIn.png>
Package pdftex.def Info: ./Output/TopologicalSortIn.png  used on input line 148
.
(pdftex.def)             Requested size: 252.93472pt x 144.53993pt.
 [15 <./Output/TopologicalSortIn.png>]
<./Output/im9.png, id=72, 787.94376pt x 225.84375pt>
File: ./Output/im9.png Graphic file (type png)
<use ./Output/im9.png>
Package pdftex.def Info: ./Output/im9.png  used on input line 156.
(pdftex.def)             Requested size: 361.34038pt x 180.68556pt.
<./Output/im10.png, id=73, 773.89125pt x 390.45876pt>
File: ./Output/im10.png Graphic file (type png)
<use ./Output/im10.png>
Package pdftex.def Info: ./Output/im10.png  used on input line 162.
(pdftex.def)             Requested size: 361.35541pt x 180.6737pt.
 [16 <./Output/im9.png> <./Output/im10.png>] (Implementation/InsertionSort.c)
File: ./Output/im1.png Graphic file (type png)
<use ./Output/im1.png>
Package pdftex.def Info: ./Output/im1.png  used on input line 172.
(pdftex.def)             Requested size: 361.35054pt x 144.54404pt.

[17]
File: ./Output/im2.png Graphic file (type png)
<use ./Output/im2.png>
Package pdftex.def Info: ./Output/im2.png  used on input line 178.
(pdftex.def)             Requested size: 361.35054pt x 144.54404pt.
 [18] (AdaLab.aux)

LaTeX Warning: There were multiply-defined labels.

 ) 
Here is how much of TeX's memory you used:
 4592 strings out of 492973
 70430 string characters out of 3126692
 238200 words of memory out of 3000000
 8416 multiletter control sequences out of 15000+200000
 7843 words of font info for 28 fonts, out of 3000000 for 9000
 1141 hyphenation exceptions out of 8191
 42i,6n,52p,273b,1699s stack positions out of 5000i,500n,10000p,200000b,50000s
<C:/Users/dines/AppData/Local/Programs/MiKTeX 2.9/fonts/type1/public/amsfonts
/cm/cmbx12.pfb><C:/Users/dines/AppData/Local/Programs/MiKTeX 2.9/fonts/type1/pu
blic/amsfonts/cm/cmbxti10.pfb><C:/Users/dines/AppData/Local/Programs/MiKTeX 2.9
/fonts/type1/public/amsfonts/cm/cmr12.pfb><C:/Users/dines/AppData/Local/Program
s/MiKTeX 2.9/fonts/type1/public/amsfonts/cm/cmr17.pfb><C:/Users/dines/AppData/L
ocal/Programs/MiKTeX 2.9/fonts/type1/public/amsfonts/cm/cmr6.pfb><C:/Users/dine
s/AppData/Local/Programs/MiKTeX 2.9/fonts/type1/public/amsfonts/cm/cmti12.pfb><
C:/Users/dines/AppData/Local/Programs/MiKTeX 2.9/fonts/type1/public/amsfonts/cm
/cmtt9.pfb>
Output written on AdaLab.pdf (19 pages, 557978 bytes).
PDF statistics:
 107 PDF objects out of 1000 (max. 8388607)
 0 named destinations out of 1000 (max. 500000)
 56 words of extra memory for PDF output out of 10000 (max. 10000000)

